[debug] [2018-03-15T10:26:56.035Z] ----------------------------------------------------------------------
[debug] [2018-03-15T10:26:56.038Z] Command:       C:\Program Files\nodejs\node.exe C:\Users\Jer\AppData\Roaming\npm\node_modules\firebase-tools\bin\firebase deploy
[debug] [2018-03-15T10:26:56.038Z] CLI Version:   3.17.6
[debug] [2018-03-15T10:26:56.038Z] Platform:      win32
[debug] [2018-03-15T10:26:56.038Z] Node Version:  v9.8.0
[debug] [2018-03-15T10:26:56.039Z] Time:          Thu Mar 15 2018 18:26:56 GMT+0800 (China Standard Time)
[debug] [2018-03-15T10:26:56.039Z] ----------------------------------------------------------------------
[debug] 
[debug] [2018-03-15T10:26:56.049Z] > command requires scopes: ["email","openid","https://www.googleapis.com/auth/cloudplatformprojects.readonly","https://www.googleapis.com/auth/firebase","https://www.googleapis.com/auth/cloud-platform"]
[debug] [2018-03-15T10:26:56.050Z] > authorizing via signed-in user
[debug] [2018-03-15T10:26:56.051Z] > refreshing access token with scopes: ["email","https://www.googleapis.com/auth/cloud-platform","https://www.googleapis.com/auth/cloudplatformprojects.readonly","https://www.googleapis.com/auth/firebase","openid"]
[debug] [2018-03-15T10:26:56.052Z] >>> HTTP REQUEST POST https://www.googleapis.com/oauth2/v3/token  
 { refresh_token: '1/Jc_gvPadIZ8aeLDdiMcMRkUy7ggK6MsXjWrjJH9UyhZrH0jLHyUCCH2fi-MPy5K8',
  client_id: '563584335869-fgrhgmd47bqnekij5i8b5pr03ho849e6.apps.googleusercontent.com',
  client_secret: 'j9iVZfS8kkCEFUPaAeJV0sAi',
  grant_type: 'refresh_token',
  scope: 'email https://www.googleapis.com/auth/cloud-platform https://www.googleapis.com/auth/cloudplatformprojects.readonly https://www.googleapis.com/auth/firebase openid' } 
 Thu Mar 15 2018 18:26:56 GMT+0800 (China Standard Time)
[debug] [2018-03-15T10:26:56.670Z] <<< HTTP RESPONSE 200
[debug] [2018-03-15T10:26:56.727Z] >>> HTTP REQUEST GET https://admin.firebase.com/v1/projects/ltothesis-cd030  
  
 Thu Mar 15 2018 18:26:56 GMT+0800 (China Standard Time)
[debug] [2018-03-15T10:26:57.855Z] <<< HTTP RESPONSE 200
[debug] [2018-03-15T10:26:57.856Z] >>> HTTP REQUEST GET https://admin.firebase.com/v1/database/ltothesis-cd030/tokens  
  
 Thu Mar 15 2018 18:26:57 GMT+0800 (China Standard Time)
[debug] [2018-03-15T10:26:59.260Z] <<< HTTP RESPONSE 200
[info] 
[info] === Deploying to 'ltothesis-cd030'...
[info] 
[info] i  deploying hosting
[info] i  hosting: preparing public directory for upload...
[debug] [2018-03-15T10:27:01.145Z] >>> HTTP REQUEST PUT https://deploy.firebase.com/v1/hosting/ltothesis-cd030/uploads/-L7dBhqGUyPuPwJBoafa?fileCount=29&message=  
  
 Thu Mar 15 2018 18:27:01 GMT+0800 (China Standard Time)
[debug] [2018-03-15T10:31:40.509Z] Error: socket hang up
    at createHangUpError (_http_client.js:335:15)
    at TLSSocket.socketOnEnd (_http_client.js:428:23)
    at TLSSocket.emit (events.js:185:15)
    at TLSSocket.emit (domain.js:421:20)
    at endReadableNT (_stream_readable.js:1101:12)
    at process._tickCallback (internal/process/next_tick.js:114:19)
[error] 
[error] Error: Server Error. socket hang up
